[ 2015-02-05T20:12:34+08:00 ]  
INFO: [ app_init ] --START--
INFO: Run Behavior\BuildLiteBehavior [ RunTime:0.000028s ]
INFO: [ app_init ] --END-- [ RunTime:0.000800s ]
NOTIC: [8] Undefined index: REQUEST_METHOD /opt/nginx/html/tp/ThinkPHP/Library/Think/App.class.php 第 31 行.
NOTIC: [8] Undefined index: REQUEST_URI /opt/nginx/html/tp/ThinkPHP/Library/Think/Dispatcher.class.php 第 137 行.
ERR: 无法加载模块:Index

[ 2015-02-05T20:28:39+08:00 ]  
INFO: [ app_init ] --START--
INFO: Run Behavior\BuildLiteBehavior [ RunTime:0.000024s ]
INFO: [ app_init ] --END-- [ RunTime:0.000393s ]
NOTIC: [8] Undefined index: REQUEST_METHOD /opt/nginx/html/tp/ThinkPHP/Library/Think/App.class.php 第 31 行.
NOTIC: [8] Undefined index: REQUEST_URI /opt/nginx/html/tp/ThinkPHP/Library/Think/Dispatcher.class.php 第 137 行.
ERR: 无法加载模块:Index

[ 2015-02-05T20:29:34+08:00 ]  
INFO: [ app_init ] --START--
INFO: Run Behavior\BuildLiteBehavior [ RunTime:0.000025s ]
INFO: [ app_init ] --END-- [ RunTime:0.000466s ]
NOTIC: [8] Undefined index: REQUEST_METHOD /opt/nginx/html/tp/ThinkPHP/Library/Think/App.class.php 第 31 行.
NOTIC: [8] Undefined index: REQUEST_URI /opt/nginx/html/tp/ThinkPHP/Library/Think/Dispatcher.class.php 第 137 行.

[ 2015-02-05T20:31:22+08:00 ]  
INFO: [ app_init ] --START--
INFO: Run Behavior\BuildLiteBehavior [ RunTime:0.000023s ]
INFO: [ app_init ] --END-- [ RunTime:0.000386s ]
NOTIC: [8] Undefined index: REQUEST_METHOD /opt/nginx/html/tp/ThinkPHP/Library/Think/App.class.php 第 31 行.
NOTIC: [8] Undefined index: REQUEST_URI /opt/nginx/html/tp/ThinkPHP/Library/Think/Dispatcher.class.php 第 137 行.

[ 2015-02-05T20:32:31+08:00 ]  
INFO: [ app_init ] --START--
INFO: Run Behavior\BuildLiteBehavior [ RunTime:0.000039s ]
INFO: [ app_init ] --END-- [ RunTime:0.000665s ]
NOTIC: [8] Undefined index: REQUEST_METHOD /opt/nginx/html/tp/ThinkPHP/Library/Think/App.class.php 第 31 行.
NOTIC: [8] Undefined index: REQUEST_URI /opt/nginx/html/tp/ThinkPHP/Library/Think/Dispatcher.class.php 第 137 行.
NOTIC: [8] Object of class Home\Controller\IndexController could not be converted to int /opt/nginx/html/tp/index.php 第 42 行.
NOTIC: [8] Object of class Home\Controller\IndexController could not be converted to int /opt/nginx/html/tp/index.php 第 42 行.
NOTIC: [8] Object of class Home\Controller\IndexController could not be converted to int /opt/nginx/html/tp/index.php 第 42 行.
NOTIC: [8] Object of class Home\Controller\IndexController could not be converted to int /opt/nginx/html/tp/index.php 第 42 行.

[ 2015-02-05T20:33:03+08:00 ]  
INFO: [ app_init ] --START--
INFO: Run Behavior\BuildLiteBehavior [ RunTime:0.000023s ]
INFO: [ app_init ] --END-- [ RunTime:0.000404s ]
NOTIC: [8] Undefined index: REQUEST_METHOD /opt/nginx/html/tp/ThinkPHP/Library/Think/App.class.php 第 31 行.
NOTIC: [8] Undefined index: REQUEST_URI /opt/nginx/html/tp/ThinkPHP/Library/Think/Dispatcher.class.php 第 137 行.
NOTIC: [8] Object of class Home\Controller\IndexController could not be converted to int /opt/nginx/html/tp/index.php 第 43 行.
NOTIC: [8] Object of class Home\Controller\IndexController could not be converted to int /opt/nginx/html/tp/index.php 第 43 行.
NOTIC: [8] Object of class Home\Controller\IndexController could not be converted to int /opt/nginx/html/tp/index.php 第 43 行.
NOTIC: [8] Object of class Home\Controller\IndexController could not be converted to int /opt/nginx/html/tp/index.php 第 43 行.

[ 2015-02-05T20:33:51+08:00 ]  
INFO: [ app_init ] --START--
INFO: Run Behavior\BuildLiteBehavior [ RunTime:0.000026s ]
INFO: [ app_init ] --END-- [ RunTime:0.000430s ]
NOTIC: [8] Undefined index: REQUEST_METHOD /opt/nginx/html/tp/ThinkPHP/Library/Think/App.class.php 第 31 行.
NOTIC: [8] Undefined index: REQUEST_URI /opt/nginx/html/tp/ThinkPHP/Library/Think/Dispatcher.class.php 第 137 行.

[ 2015-02-05T20:34:06+08:00 ]  
INFO: [ app_init ] --START--
INFO: Run Behavior\BuildLiteBehavior [ RunTime:0.000025s ]
INFO: [ app_init ] --END-- [ RunTime:0.000405s ]
NOTIC: [8] Undefined index: REQUEST_METHOD /opt/nginx/html/tp/ThinkPHP/Library/Think/App.class.php 第 31 行.
NOTIC: [8] Undefined index: REQUEST_URI /opt/nginx/html/tp/ThinkPHP/Library/Think/Dispatcher.class.php 第 137 行.

[ 2015-02-05T20:37:11+08:00 ]  
INFO: [ app_init ] --START--
INFO: Run Behavior\BuildLiteBehavior [ RunTime:0.000024s ]
INFO: [ app_init ] --END-- [ RunTime:0.000389s ]
NOTIC: [8] Undefined index: REQUEST_METHOD /opt/nginx/html/tp/ThinkPHP/Library/Think/App.class.php 第 31 行.
NOTIC: [8] Undefined index: REQUEST_URI /opt/nginx/html/tp/ThinkPHP/Library/Think/Dispatcher.class.php 第 137 行.

[ 2015-02-05T20:50:19+08:00 ]  
INFO: [ app_init ] --START--
INFO: Run Behavior\BuildLiteBehavior [ RunTime:0.000027s ]
INFO: [ app_init ] --END-- [ RunTime:0.000422s ]
NOTIC: [8] Undefined index: REQUEST_METHOD /opt/nginx/html/tp/ThinkPHP/Library/Think/App.class.php 第 31 行.
NOTIC: [8] Undefined index: REQUEST_URI /opt/nginx/html/tp/ThinkPHP/Library/Think/Dispatcher.class.php 第 137 行.

[ 2015-02-05T20:50:22+08:00 ]  
INFO: [ app_init ] --START--
INFO: Run Behavior\BuildLiteBehavior [ RunTime:0.000056s ]
INFO: [ app_init ] --END-- [ RunTime:0.000535s ]
NOTIC: [8] Undefined index: REQUEST_METHOD /opt/nginx/html/tp/ThinkPHP/Library/Think/App.class.php 第 31 行.
NOTIC: [8] Undefined index: REQUEST_URI /opt/nginx/html/tp/ThinkPHP/Library/Think/Dispatcher.class.php 第 137 行.

[ 2015-02-05T20:51:24+08:00 ]  
INFO: [ app_init ] --START--
INFO: Run Behavior\BuildLiteBehavior [ RunTime:0.000029s ]
INFO: [ app_init ] --END-- [ RunTime:0.000449s ]
NOTIC: [8] Undefined index: REQUEST_METHOD /opt/nginx/html/tp/ThinkPHP/Library/Think/App.class.php 第 31 行.
NOTIC: [8] Undefined index: REQUEST_URI /opt/nginx/html/tp/ThinkPHP/Library/Think/Dispatcher.class.php 第 137 行.

[ 2015-02-05T20:52:19+08:00 ]  
INFO: [ app_init ] --START--
INFO: Run Behavior\BuildLiteBehavior [ RunTime:0.000030s ]
INFO: [ app_init ] --END-- [ RunTime:0.000525s ]
NOTIC: [8] Undefined index: REQUEST_METHOD /opt/nginx/html/tp/ThinkPHP/Library/Think/App.class.php 第 31 行.
NOTIC: [8] Undefined index: REQUEST_URI /opt/nginx/html/tp/ThinkPHP/Library/Think/Dispatcher.class.php 第 137 行.

[ 2015-02-05T20:54:05+08:00 ]  
INFO: [ app_init ] --START--
INFO: Run Behavior\BuildLiteBehavior [ RunTime:0.000029s ]
INFO: [ app_init ] --END-- [ RunTime:0.000412s ]
NOTIC: [8] Undefined index: REQUEST_METHOD /opt/nginx/html/tp/ThinkPHP/Library/Think/App.class.php 第 31 行.
NOTIC: [8] Undefined index: REQUEST_URI /opt/nginx/html/tp/ThinkPHP/Library/Think/Dispatcher.class.php 第 137 行.

[ 2015-02-05T20:54:14+08:00 ]  
INFO: [ app_init ] --START--
INFO: Run Behavior\BuildLiteBehavior [ RunTime:0.000045s ]
INFO: [ app_init ] --END-- [ RunTime:0.000691s ]
NOTIC: [8] Undefined index: REQUEST_METHOD /opt/nginx/html/tp/ThinkPHP/Library/Think/App.class.php 第 31 行.
NOTIC: [8] Undefined index: REQUEST_URI /opt/nginx/html/tp/ThinkPHP/Library/Think/Dispatcher.class.php 第 137 行.

[ 2015-02-05T22:23:35+08:00 ]  
INFO: [ app_init ] --START--
INFO: Run Behavior\BuildLiteBehavior [ RunTime:0.000041s ]
INFO: [ app_init ] --END-- [ RunTime:0.000595s ]
NOTIC: [8] Undefined index: REQUEST_METHOD /opt/nginx/html/tp/ThinkPHP/Library/Think/App.class.php 第 31 行.
NOTIC: [8] Undefined index: REQUEST_URI /opt/nginx/html/tp/ThinkPHP/Library/Think/Dispatcher.class.php 第 137 行.

[ 2015-02-05T22:24:59+08:00 ]  
INFO: [ app_init ] --START--
INFO: Run Behavior\BuildLiteBehavior [ RunTime:0.000030s ]
INFO: [ app_init ] --END-- [ RunTime:0.000420s ]
NOTIC: [8] Undefined index: REQUEST_METHOD /opt/nginx/html/tp/ThinkPHP/Library/Think/App.class.php 第 31 行.
NOTIC: [8] Undefined index: REQUEST_URI /opt/nginx/html/tp/ThinkPHP/Library/Think/Dispatcher.class.php 第 137 行.
SQL: SHOW COLUMNS FROM `country` [ RunTime:0.0010s ]
SQL: SELECT * FROM `country`  [ RunTime:0.0003s ]
SQL: SELECT * FROM `country`  [ RunTime:0.0001s ]

[ 2015-02-05T22:25:36+08:00 ]  
INFO: [ app_init ] --START--
INFO: Run Behavior\BuildLiteBehavior [ RunTime:0.000032s ]
INFO: [ app_init ] --END-- [ RunTime:0.000483s ]
NOTIC: [8] Undefined index: REQUEST_METHOD /opt/nginx/html/tp/ThinkPHP/Library/Think/App.class.php 第 31 行.
NOTIC: [8] Undefined index: REQUEST_URI /opt/nginx/html/tp/ThinkPHP/Library/Think/Dispatcher.class.php 第 137 行.
SQL: SHOW COLUMNS FROM `country` [ RunTime:0.0006s ]
SQL: SELECT * FROM `country`  [ RunTime:0.0001s ]
SQL: SELECT * FROM `country`  [ RunTime:0.0001s ]

[ 2015-02-05T22:41:42+08:00 ]  
INFO: [ app_init ] --START--
INFO: Run Behavior\BuildLiteBehavior [ RunTime:0.000040s ]
INFO: [ app_init ] --END-- [ RunTime:0.000408s ]
NOTIC: [8] Undefined index: REQUEST_METHOD /opt/nginx/html/tp/ThinkPHP/Library/Think/App.class.php 第 31 行.
NOTIC: [8] Undefined index: REQUEST_URI /opt/nginx/html/tp/ThinkPHP/Library/Think/Dispatcher.class.php 第 137 行.
SQL: SHOW COLUMNS FROM `country` [ RunTime:0.0008s ]
SQL: SELECT * FROM `country`  [ RunTime:0.0001s ]
SQL: SELECT * FROM `country`  [ RunTime:0.0001s ]

[ 2015-02-05T22:49:02+08:00 ]  
INFO: [ app_init ] --START--
INFO: Run Behavior\BuildLiteBehavior [ RunTime:0.000027s ]
INFO: [ app_init ] --END-- [ RunTime:0.000393s ]
NOTIC: [8] Undefined index: REQUEST_METHOD /opt/nginx/html/tp/ThinkPHP/Library/Think/App.class.php 第 31 行.
NOTIC: [8] Undefined index: REQUEST_URI /opt/nginx/html/tp/ThinkPHP/Library/Think/Dispatcher.class.php 第 137 行.

[ 2015-02-05T22:53:13+08:00 ]  
INFO: [ app_init ] --START--
INFO: Run Behavior\BuildLiteBehavior [ RunTime:0.000030s ]
INFO: [ app_init ] --END-- [ RunTime:0.000434s ]
NOTIC: [8] Undefined index: REQUEST_METHOD /opt/nginx/html/tp/ThinkPHP/Library/Think/App.class.php 第 31 行.
NOTIC: [8] Undefined index: REQUEST_URI /opt/nginx/html/tp/ThinkPHP/Library/Think/Dispatcher.class.php 第 137 行.

[ 2015-02-05T23:25:25+08:00 ]  
INFO: [ app_init ] --START--
INFO: Run Behavior\BuildLiteBehavior [ RunTime:0.000027s ]
INFO: [ app_init ] --END-- [ RunTime:0.000390s ]
NOTIC: [8] Undefined index: REQUEST_METHOD /opt/nginx/html/tp/ThinkPHP/Library/Think/App.class.php 第 31 行.
NOTIC: [8] Undefined index: REQUEST_URI /opt/nginx/html/tp/ThinkPHP/Library/Think/Dispatcher.class.php 第 137 行.
NOTIC: [2] Missing argument 1 for DataTest::testAdd2() /opt/nginx/html/tp/tests/Application/Demo/DataTest.php 第 31 行.
NOTIC: [2] Missing argument 2 for DataTest::testAdd2() /opt/nginx/html/tp/tests/Application/Demo/DataTest.php 第 31 行.
NOTIC: [2] Missing argument 3 for DataTest::testAdd2() /opt/nginx/html/tp/tests/Application/Demo/DataTest.php 第 31 行.
NOTIC: [8] Undefined variable: expected /opt/nginx/html/tp/tests/Application/Demo/DataTest.php 第 33 行.
NOTIC: [8] Undefined variable: b /opt/nginx/html/tp/tests/Application/Demo/DataTest.php 第 33 行.
NOTIC: [8] Undefined variable: a /opt/nginx/html/tp/tests/Application/Demo/DataTest.php 第 33 行.

[ 2015-02-05T23:31:48+08:00 ]  
INFO: [ app_init ] --START--
INFO: Run Behavior\BuildLiteBehavior [ RunTime:0.000040s ]
INFO: [ app_init ] --END-- [ RunTime:0.000609s ]
NOTIC: [8] Undefined index: REQUEST_METHOD /opt/nginx/html/tp/ThinkPHP/Library/Think/App.class.php 第 31 行.
NOTIC: [8] Undefined index: REQUEST_URI /opt/nginx/html/tp/ThinkPHP/Library/Think/Dispatcher.class.php 第 137 行.

[ 2015-02-05T23:32:37+08:00 ]  
INFO: [ app_init ] --START--
INFO: Run Behavior\BuildLiteBehavior [ RunTime:0.000027s ]
INFO: [ app_init ] --END-- [ RunTime:0.000385s ]
NOTIC: [8] Undefined index: REQUEST_METHOD /opt/nginx/html/tp/ThinkPHP/Library/Think/App.class.php 第 31 行.
NOTIC: [8] Undefined index: REQUEST_URI /opt/nginx/html/tp/ThinkPHP/Library/Think/Dispatcher.class.php 第 137 行.

[ 2015-02-05T23:36:31+08:00 ]  
INFO: [ app_init ] --START--
INFO: Run Behavior\BuildLiteBehavior [ RunTime:0.000032s ]
INFO: [ app_init ] --END-- [ RunTime:0.000459s ]
NOTIC: [8] Undefined index: REQUEST_METHOD /opt/nginx/html/tp/ThinkPHP/Library/Think/App.class.php 第 31 行.
NOTIC: [8] Undefined index: REQUEST_URI /opt/nginx/html/tp/ThinkPHP/Library/Think/Dispatcher.class.php 第 137 行.
NOTIC: [2] Missing argument 1 for DataTest::testAdd2() /opt/nginx/html/tp/tests/Application/Demo/DataTest.php 第 38 行.
NOTIC: [2] Missing argument 2 for DataTest::testAdd2() /opt/nginx/html/tp/tests/Application/Demo/DataTest.php 第 38 行.
NOTIC: [2] Missing argument 3 for DataTest::testAdd2() /opt/nginx/html/tp/tests/Application/Demo/DataTest.php 第 38 行.
NOTIC: [8] Undefined variable: expected /opt/nginx/html/tp/tests/Application/Demo/DataTest.php 第 40 行.
NOTIC: [8] Undefined variable: b /opt/nginx/html/tp/tests/Application/Demo/DataTest.php 第 40 行.
NOTIC: [8] Undefined variable: a /opt/nginx/html/tp/tests/Application/Demo/DataTest.php 第 40 行.

[ 2015-02-05T23:40:46+08:00 ]  
INFO: [ app_init ] --START--
INFO: Run Behavior\BuildLiteBehavior [ RunTime:0.000047s ]
INFO: [ app_init ] --END-- [ RunTime:0.000640s ]
NOTIC: [8] Undefined index: REQUEST_METHOD /opt/nginx/html/tp/ThinkPHP/Library/Think/App.class.php 第 31 行.
NOTIC: [8] Undefined index: REQUEST_URI /opt/nginx/html/tp/ThinkPHP/Library/Think/Dispatcher.class.php 第 137 行.
NOTIC: [2] Missing argument 1 for DataTest::testAdd2() /opt/nginx/html/tp/tests/Application/Demo/DataTest.php 第 38 行.
NOTIC: [2] Missing argument 2 for DataTest::testAdd2() /opt/nginx/html/tp/tests/Application/Demo/DataTest.php 第 38 行.
NOTIC: [2] Missing argument 3 for DataTest::testAdd2() /opt/nginx/html/tp/tests/Application/Demo/DataTest.php 第 38 行.
NOTIC: [8] Undefined variable: expected /opt/nginx/html/tp/tests/Application/Demo/DataTest.php 第 40 行.
NOTIC: [8] Undefined variable: b /opt/nginx/html/tp/tests/Application/Demo/DataTest.php 第 40 行.
NOTIC: [8] Undefined variable: a /opt/nginx/html/tp/tests/Application/Demo/DataTest.php 第 40 行.

[ 2015-02-05T23:43:31+08:00 ]  
INFO: [ app_init ] --START--
INFO: Run Behavior\BuildLiteBehavior [ RunTime:0.000032s ]
INFO: [ app_init ] --END-- [ RunTime:0.000443s ]
NOTIC: [8] Undefined index: REQUEST_METHOD /opt/nginx/html/tp/ThinkPHP/Library/Think/App.class.php 第 31 行.
NOTIC: [8] Undefined index: REQUEST_URI /opt/nginx/html/tp/ThinkPHP/Library/Think/Dispatcher.class.php 第 137 行.

[ 2015-02-05T23:43:47+08:00 ]  
INFO: [ app_init ] --START--
INFO: Run Behavior\BuildLiteBehavior [ RunTime:0.000029s ]
INFO: [ app_init ] --END-- [ RunTime:0.000408s ]
NOTIC: [8] Undefined index: REQUEST_METHOD /opt/nginx/html/tp/ThinkPHP/Library/Think/App.class.php 第 31 行.
NOTIC: [8] Undefined index: REQUEST_URI /opt/nginx/html/tp/ThinkPHP/Library/Think/Dispatcher.class.php 第 137 行.
NOTIC: [2] Missing argument 1 for DataTest::testAdd2() /opt/nginx/html/tp/tests/Application/Demo/DataTest.php 第 38 行.
NOTIC: [2] Missing argument 2 for DataTest::testAdd2() /opt/nginx/html/tp/tests/Application/Demo/DataTest.php 第 38 行.
NOTIC: [2] Missing argument 3 for DataTest::testAdd2() /opt/nginx/html/tp/tests/Application/Demo/DataTest.php 第 38 行.
NOTIC: [8] Undefined variable: expected /opt/nginx/html/tp/tests/Application/Demo/DataTest.php 第 40 行.
NOTIC: [8] Undefined variable: b /opt/nginx/html/tp/tests/Application/Demo/DataTest.php 第 40 行.
NOTIC: [8] Undefined variable: a /opt/nginx/html/tp/tests/Application/Demo/DataTest.php 第 40 行.

[ 2015-02-05T23:50:40+08:00 ]  
INFO: [ app_init ] --START--
INFO: Run Behavior\BuildLiteBehavior [ RunTime:0.000028s ]
INFO: [ app_init ] --END-- [ RunTime:0.000398s ]
NOTIC: [8] Undefined index: REQUEST_METHOD /opt/nginx/html/tp/ThinkPHP/Library/Think/App.class.php 第 31 行.
NOTIC: [8] Undefined index: REQUEST_URI /opt/nginx/html/tp/ThinkPHP/Library/Think/Dispatcher.class.php 第 137 行.
NOTIC: [2] Missing argument 1 for DataTest::testAdd2() /opt/nginx/html/tp/tests/Application/Demo/DataTest.php 第 38 行.
NOTIC: [2] Missing argument 2 for DataTest::testAdd2() /opt/nginx/html/tp/tests/Application/Demo/DataTest.php 第 38 行.
NOTIC: [2] Missing argument 3 for DataTest::testAdd2() /opt/nginx/html/tp/tests/Application/Demo/DataTest.php 第 38 行.
NOTIC: [8] Undefined variable: expected /opt/nginx/html/tp/tests/Application/Demo/DataTest.php 第 40 行.
NOTIC: [8] Undefined variable: b /opt/nginx/html/tp/tests/Application/Demo/DataTest.php 第 40 行.
NOTIC: [8] Undefined variable: a /opt/nginx/html/tp/tests/Application/Demo/DataTest.php 第 40 行.

[ 2015-02-05T23:52:15+08:00 ]  
INFO: [ app_init ] --START--
INFO: Run Behavior\BuildLiteBehavior [ RunTime:0.000039s ]
INFO: [ app_init ] --END-- [ RunTime:0.000457s ]
NOTIC: [8] Undefined index: REQUEST_METHOD /opt/nginx/html/tp/ThinkPHP/Library/Think/App.class.php 第 31 行.
NOTIC: [8] Undefined index: REQUEST_URI /opt/nginx/html/tp/ThinkPHP/Library/Think/Dispatcher.class.php 第 137 行.
NOTIC: [2] Missing argument 1 for DataTest::testAdd2() /opt/nginx/html/tp/tests/Application/Demo/DataTest.php 第 38 行.
NOTIC: [2] Missing argument 2 for DataTest::testAdd2() /opt/nginx/html/tp/tests/Application/Demo/DataTest.php 第 38 行.
NOTIC: [2] Missing argument 3 for DataTest::testAdd2() /opt/nginx/html/tp/tests/Application/Demo/DataTest.php 第 38 行.
NOTIC: [8] Undefined variable: expected /opt/nginx/html/tp/tests/Application/Demo/DataTest.php 第 40 行.
NOTIC: [8] Undefined variable: b /opt/nginx/html/tp/tests/Application/Demo/DataTest.php 第 40 行.
NOTIC: [8] Undefined variable: a /opt/nginx/html/tp/tests/Application/Demo/DataTest.php 第 40 行.

