[ 2015-01-29T23:58:40+08:00 ] 127.0.0.1 /index.php?m=Tph&c=CRUD&a=curd
INFO: [ app_init ] --START--
INFO: Run Behavior\BuildLiteBehavior [ RunTime:0.000018s ]
INFO: [ app_init ] --END-- [ RunTime:0.000332s ]
INFO: [ app_begin ] --START--
INFO: Run Behavior\ReadHtmlCacheBehavior [ RunTime:0.000860s ]
INFO: [ app_begin ] --END-- [ RunTime:0.001016s ]
NOTIC: [2] Missing argument 1 for getTableNameList(), called in /opt/nginx/html/tp/Application/Tph/Controller/CRUDController.class.php on line 8 and defined /opt/nginx/html/tp/Application/Tph/Common/function.php 第 4 行.
NOTIC: [8] Undefined variable: dbName /opt/nginx/html/tp/Application/Tph/Common/function.php 第 9 行.
SQL: select table_name from information_schema.tables where table_schema='' and table_type='base table' [ RunTime:0.0003s ]
INFO: [ view_parse ] --START--
INFO: [ template_filter ] --START--
INFO: Run Behavior\ContentReplaceBehavior [ RunTime:0.000099s ]
INFO: [ template_filter ] --END-- [ RunTime:0.000167s ]
INFO: Run Behavior\ParseTemplateBehavior [ RunTime:0.067362s ]
INFO: [ view_parse ] --END-- [ RunTime:0.067428s ]
INFO: [ view_filter ] --START--
INFO: Run Behavior\WriteHtmlCacheBehavior [ RunTime:0.000118s ]
INFO: [ view_filter ] --END-- [ RunTime:0.000156s ]
INFO: [ app_end ] --START--
INFO: Run Behavior\ShowPageTraceBehavior [ RunTime:0.000564s ]
INFO: [ app_end ] --END-- [ RunTime:0.000627s ]

