[ 2015-01-24T19:31:33+08:00 ] 127.0.0.1 /index.php?m=TPH
INFO: [ app_init ] --START--
INFO: Run Behavior\BuildLiteBehavior [ RunTime:0.000019s ]
INFO: [ app_init ] --END-- [ RunTime:0.000404s ]
NOTIC: [8] Use of undefined constant SQLITE_COLUMN_NAME_KEY - assumed 'SQLITE_COLUMN_NAME_KEY' /opt/nginx/html/tp/Application/TPH/Common/function.php 第 4 行.
NOTIC: [8] Use of undefined constant MYSQL_COLUMN_NAME_KEY - assumed 'MYSQL_COLUMN_NAME_KEY' /opt/nginx/html/tp/Application/TPH/Common/function.php 第 5 行.
INFO: [ app_begin ] --START--
INFO: Run Behavior\ReadHtmlCacheBehavior [ RunTime:0.000482s ]
INFO: [ app_begin ] --END-- [ RunTime:0.000542s ]
INFO: [ view_parse ] --START--
INFO: [ template_filter ] --START--
INFO: Run Behavior\ContentReplaceBehavior [ RunTime:0.000163s ]
INFO: [ template_filter ] --END-- [ RunTime:0.000317s ]
INFO: Run Behavior\ParseTemplateBehavior [ RunTime:0.050520s ]
INFO: [ view_parse ] --END-- [ RunTime:0.050618s ]
INFO: [ view_filter ] --START--
INFO: Run Behavior\WriteHtmlCacheBehavior [ RunTime:0.000583s ]
INFO: [ view_filter ] --END-- [ RunTime:0.000671s ]
INFO: [ app_end ] --START--
INFO: Run Behavior\ShowPageTraceBehavior [ RunTime:0.000810s ]
INFO: [ app_end ] --END-- [ RunTime:0.000921s ]

[ 2015-01-24T19:32:23+08:00 ] 127.0.0.1 /index.php?m=TPH&c=CreateM
INFO: [ app_init ] --START--
INFO: Run Behavior\BuildLiteBehavior [ RunTime:0.000032s ]
INFO: [ app_init ] --END-- [ RunTime:0.000742s ]
NOTIC: [8] Use of undefined constant SQLITE_COLUMN_NAME_KEY - assumed 'SQLITE_COLUMN_NAME_KEY' /opt/nginx/html/tp/Application/TPH/Common/function.php 第 4 行.
NOTIC: [8] Use of undefined constant MYSQL_COLUMN_NAME_KEY - assumed 'MYSQL_COLUMN_NAME_KEY' /opt/nginx/html/tp/Application/TPH/Common/function.php 第 5 行.
INFO: [ app_begin ] --START--
INFO: Run Behavior\ReadHtmlCacheBehavior [ RunTime:0.000573s ]
INFO: [ app_begin ] --END-- [ RunTime:0.000649s ]

[ 2015-01-24T19:34:05+08:00 ] 127.0.0.1 /index.php?m=TPH
INFO: [ app_init ] --START--
INFO: Run Behavior\BuildLiteBehavior [ RunTime:0.000024s ]
INFO: [ app_init ] --END-- [ RunTime:0.000362s ]
NOTIC: [8] Use of undefined constant SQLITE_COLUMN_NAME_KEY - assumed 'SQLITE_COLUMN_NAME_KEY' /opt/nginx/html/tp/Application/TPH/Common/function.php 第 4 行.
NOTIC: [8] Use of undefined constant MYSQL_COLUMN_NAME_KEY - assumed 'MYSQL_COLUMN_NAME_KEY' /opt/nginx/html/tp/Application/TPH/Common/function.php 第 5 行.
INFO: [ app_begin ] --START--
INFO: Run Behavior\ReadHtmlCacheBehavior [ RunTime:0.000589s ]
INFO: [ app_begin ] --END-- [ RunTime:0.000699s ]
INFO: [ view_parse ] --START--
INFO: [ template_filter ] --START--
INFO: Run Behavior\ContentReplaceBehavior [ RunTime:0.000056s ]
INFO: [ template_filter ] --END-- [ RunTime:0.000108s ]
INFO: Run Behavior\ParseTemplateBehavior [ RunTime:0.008176s ]
INFO: [ view_parse ] --END-- [ RunTime:0.008227s ]
INFO: [ view_filter ] --START--
INFO: Run Behavior\WriteHtmlCacheBehavior [ RunTime:0.000104s ]
INFO: [ view_filter ] --END-- [ RunTime:0.000139s ]
INFO: [ app_end ] --START--
INFO: Run Behavior\ShowPageTraceBehavior [ RunTime:0.000528s ]
INFO: [ app_end ] --END-- [ RunTime:0.000591s ]

[ 2015-01-24T19:35:28+08:00 ] 127.0.0.1 /index.php?m=TPH&c=CreateM
INFO: [ app_init ] --START--
INFO: Run Behavior\BuildLiteBehavior [ RunTime:0.000024s ]
INFO: [ app_init ] --END-- [ RunTime:0.000457s ]
NOTIC: [8] Use of undefined constant SQLITE_COLUMN_NAME_KEY - assumed 'SQLITE_COLUMN_NAME_KEY' /opt/nginx/html/tp/Application/TPH/Common/function.php 第 4 行.
NOTIC: [8] Use of undefined constant MYSQL_COLUMN_NAME_KEY - assumed 'MYSQL_COLUMN_NAME_KEY' /opt/nginx/html/tp/Application/TPH/Common/function.php 第 5 行.
INFO: [ app_begin ] --START--
INFO: Run Behavior\ReadHtmlCacheBehavior [ RunTime:0.000583s ]
INFO: [ app_begin ] --END-- [ RunTime:0.000726s ]

[ 2015-01-24T19:36:00+08:00 ] 127.0.0.1 /index.php?m=TPH&c=CreateM
INFO: [ app_init ] --START--
INFO: Run Behavior\BuildLiteBehavior [ RunTime:0.000018s ]
INFO: [ app_init ] --END-- [ RunTime:0.000368s ]
NOTIC: [8] Use of undefined constant SQLITE_COLUMN_NAME_KEY - assumed 'SQLITE_COLUMN_NAME_KEY' /opt/nginx/html/tp/Application/TPH/Common/function.php 第 4 行.
NOTIC: [8] Use of undefined constant MYSQL_COLUMN_NAME_KEY - assumed 'MYSQL_COLUMN_NAME_KEY' /opt/nginx/html/tp/Application/TPH/Common/function.php 第 5 行.
INFO: [ app_begin ] --START--
INFO: Run Behavior\ReadHtmlCacheBehavior [ RunTime:0.000435s ]
INFO: [ app_begin ] --END-- [ RunTime:0.000497s ]
ERR: 无法加载数据库驱动: Think\Db\Driver\

[ 2015-01-24T19:37:31+08:00 ] 127.0.0.1 /index.php?m=TPH&c=CreateM
INFO: [ app_init ] --START--
INFO: Run Behavior\BuildLiteBehavior [ RunTime:0.000038s ]
INFO: [ app_init ] --END-- [ RunTime:0.000565s ]
NOTIC: [8] Use of undefined constant SQLITE_COLUMN_NAME_KEY - assumed 'SQLITE_COLUMN_NAME_KEY' /opt/nginx/html/tp/Application/TPH/Common/function.php 第 4 行.
NOTIC: [8] Use of undefined constant MYSQL_COLUMN_NAME_KEY - assumed 'MYSQL_COLUMN_NAME_KEY' /opt/nginx/html/tp/Application/TPH/Common/function.php 第 5 行.
INFO: [ app_begin ] --START--
INFO: Run Behavior\ReadHtmlCacheBehavior [ RunTime:0.000549s ]
INFO: [ app_begin ] --END-- [ RunTime:0.000618s ]
ERR: SQLSTATE[HY000] [1049] Unknown database 'test'

[ 2015-01-24T19:37:40+08:00 ] 127.0.0.1 /index.php?m=TPH&c=CreateM
INFO: [ app_init ] --START--
INFO: Run Behavior\BuildLiteBehavior [ RunTime:0.000029s ]
INFO: [ app_init ] --END-- [ RunTime:0.000575s ]
NOTIC: [8] Use of undefined constant SQLITE_COLUMN_NAME_KEY - assumed 'SQLITE_COLUMN_NAME_KEY' /opt/nginx/html/tp/Application/TPH/Common/function.php 第 4 行.
NOTIC: [8] Use of undefined constant MYSQL_COLUMN_NAME_KEY - assumed 'MYSQL_COLUMN_NAME_KEY' /opt/nginx/html/tp/Application/TPH/Common/function.php 第 5 行.
INFO: [ app_begin ] --START--
INFO: Run Behavior\ReadHtmlCacheBehavior [ RunTime:0.000681s ]
INFO: [ app_begin ] --END-- [ RunTime:0.000770s ]
SQL: select table_name from information_schema.tables where table_schema='cp' and table_type='base table' [ RunTime:0.0006s ]
NOTIC: [2048] Non-static method TPH\Controller\FileUtil::getDirList() should not be called statically, assuming $this from incompatible context /opt/nginx/html/tp/Application/TPH/Controller/CreateMController.class.php 第 83 行.
NOTIC: [2] implode(): Invalid arguments passed /opt/nginx/html/tp/Application/TPH/Controller/CreateMController.class.php 第 26 行.
INFO: [ view_parse ] --START--
INFO: [ template_filter ] --START--
INFO: Run Behavior\ContentReplaceBehavior [ RunTime:0.000154s ]
INFO: [ template_filter ] --END-- [ RunTime:0.000268s ]
INFO: Run Behavior\ParseTemplateBehavior [ RunTime:0.025629s ]
INFO: [ view_parse ] --END-- [ RunTime:0.025813s ]
INFO: [ view_filter ] --START--
INFO: Run Behavior\WriteHtmlCacheBehavior [ RunTime:0.000202s ]
INFO: [ view_filter ] --END-- [ RunTime:0.000272s ]
INFO: [ app_end ] --START--
INFO: Run Behavior\ShowPageTraceBehavior [ RunTime:0.000830s ]
INFO: [ app_end ] --END-- [ RunTime:0.000915s ]

[ 2015-01-24T19:40:35+08:00 ] 127.0.0.1 /index.php?m=TPH&c=CreateM
INFO: [ app_init ] --START--
INFO: Run Behavior\BuildLiteBehavior [ RunTime:0.000023s ]
INFO: [ app_init ] --END-- [ RunTime:0.000468s ]
NOTIC: [8] Use of undefined constant SQLITE_COLUMN_NAME_KEY - assumed 'SQLITE_COLUMN_NAME_KEY' /opt/nginx/html/tp/Application/TPH/Common/function.php 第 4 行.
NOTIC: [8] Use of undefined constant MYSQL_COLUMN_NAME_KEY - assumed 'MYSQL_COLUMN_NAME_KEY' /opt/nginx/html/tp/Application/TPH/Common/function.php 第 5 行.
INFO: [ app_begin ] --START--
INFO: Run Behavior\ReadHtmlCacheBehavior [ RunTime:0.000655s ]
INFO: [ app_begin ] --END-- [ RunTime:0.000734s ]
SQL: select table_name from information_schema.tables where table_schema='cp' and table_type='base table' [ RunTime:0.0004s ]
NOTIC: [2048] Non-static method TPH\Controller\FileUtil::getDirList() should not be called statically, assuming $this from incompatible context /opt/nginx/html/tp/Application/TPH/Controller/CreateMController.class.php 第 83 行.
NOTIC: [2] implode(): Invalid arguments passed /opt/nginx/html/tp/Application/TPH/Controller/CreateMController.class.php 第 26 行.
INFO: [ view_parse ] --START--
INFO: [ template_filter ] --START--
INFO: Run Behavior\ContentReplaceBehavior [ RunTime:0.000086s ]
INFO: [ template_filter ] --END-- [ RunTime:0.000154s ]
INFO: Run Behavior\ParseTemplateBehavior [ RunTime:0.014834s ]
INFO: [ view_parse ] --END-- [ RunTime:0.014922s ]
INFO: [ view_filter ] --START--
INFO: Run Behavior\WriteHtmlCacheBehavior [ RunTime:0.000129s ]
INFO: [ view_filter ] --END-- [ RunTime:0.000173s ]
INFO: [ app_end ] --START--
INFO: Run Behavior\ShowPageTraceBehavior [ RunTime:0.000500s ]
INFO: [ app_end ] --END-- [ RunTime:0.000558s ]

