[ 2015-01-26T21:37:56+08:00 ] 127.0.0.1 /index.php?m=Tph&c=CRUD&a=curd
INFO: [ app_init ] --START--
INFO: Run Behavior\BuildLiteBehavior [ RunTime:0.000023s ]
INFO: [ app_init ] --END-- [ RunTime:0.000463s ]
INFO: [ app_begin ] --START--
INFO: Run Behavior\ReadHtmlCacheBehavior [ RunTime:0.000498s ]
INFO: [ app_begin ] --END-- [ RunTime:0.000576s ]
NOTIC: [2] Missing argument 1 for getTableNameList(), called in /opt/nginx/html/tp/Application/Tph/Controller/CRUDController.class.php on line 8 and defined /opt/nginx/html/tp/Application/Tph/Common/function.php 第 4 行.
NOTIC: [8] Undefined variable: dbName /opt/nginx/html/tp/Application/Tph/Common/function.php 第 9 行.
ERR: SQLSTATE[HY000] [2002] No such file or directory

[ 2015-01-26T21:38:08+08:00 ] 127.0.0.1 /index.php?m=Tph
INFO: [ app_init ] --START--
INFO: Run Behavior\BuildLiteBehavior [ RunTime:0.000023s ]
INFO: [ app_init ] --END-- [ RunTime:0.000480s ]
INFO: [ app_begin ] --START--
INFO: Run Behavior\ReadHtmlCacheBehavior [ RunTime:0.000462s ]
INFO: [ app_begin ] --END-- [ RunTime:0.000556s ]
NOTIC: [2] Missing argument 1 for getTableNameList(), called in /opt/nginx/html/tp/Application/Tph/Controller/IndexController.class.php on line 7 and defined /opt/nginx/html/tp/Application/Tph/Common/function.php 第 4 行.
NOTIC: [8] Undefined variable: dbName /opt/nginx/html/tp/Application/Tph/Common/function.php 第 9 行.
ERR: SQLSTATE[HY000] [2002] No such file or directory

